pullprinting/pullprintingmobileapp/library/build/outputs/logs/manifest-merger-debug-report.txt
-- Merging decision tree log ---
manifest
ADDED from test_grafica_3/library/AndroidManifest.xml:15:1-36:12
INJECTED from test_grafica_3/library/AndroidManifest.xml:15:1-36:12
INJECTED from test_grafica_3/library/AndroidManifest.xml:15:1-36:12
	package
		ADDED from test_grafica_3/library/AndroidManifest.xml:16:5-33
		INJECTED from test_grafica_3/library/AndroidManifest.xml
		INJECTED from test_grafica_3/library/AndroidManifest.xml
	xmlns:android
		ADDED from test_grafica_3/library/AndroidManifest.xml:15:11-69
uses-permission#android.permission.INTERNET
ADDED from test_grafica_3/library/AndroidManifest.xml:18:3-65
	android:name
		ADDED from test_grafica_3/library/AndroidManifest.xml:18:20-62
application
ADDED from test_grafica_3/library/AndroidManifest.xml:20:3-34:17
activity#net.openid.appauth.AuthorizationManagementActivity
ADDED from test_grafica_3/library/AndroidManifest.xml:21:5-24:41
	android:launchMode
		ADDED from test_grafica_3/library/AndroidManifest.xml:24:7-38
	android:exported
		ADDED from test_grafica_3/library/AndroidManifest.xml:22:7-31
	android:theme
		ADDED from test_grafica_3/library/AndroidManifest.xml:23:7-66
	android:name
		ADDED from test_grafica_3/library/AndroidManifest.xml:21:15-62
activity#net.openid.appauth.RedirectUriReceiverActivity
ADDED from test_grafica_3/library/AndroidManifest.xml:26:5-33:16
	android:exported
		ADDED from test_grafica_3/library/AndroidManifest.xml:26:59-82
	android:name
		ADDED from test_grafica_3/library/AndroidManifest.xml:26:15-58
intent-filter#action:name:android.intent.action.VIEW+category:name:android.intent.category.BROWSABLE+category:name:android.intent.category.DEFAULT+data:scheme:${appAuthRedirectScheme}
ADDED from test_grafica_3/library/AndroidManifest.xml:27:7-32:23
action#android.intent.action.VIEW
ADDED from test_grafica_3/library/AndroidManifest.xml:28:9-60
	android:name
		ADDED from test_grafica_3/library/AndroidManifest.xml:28:17-58
category#android.intent.category.DEFAULT
ADDED from test_grafica_3/library/AndroidManifest.xml:29:9-67
	android:name
		ADDED from test_grafica_3/library/AndroidManifest.xml:29:19-65
category#android.intent.category.BROWSABLE
ADDED from test_grafica_3/library/AndroidManifest.xml:30:9-69
	android:name
		ADDED from test_grafica_3/library/AndroidManifest.xml:30:19-67
data
ADDED from test_grafica_3/library/AndroidManifest.xml:31:9-58
	android:scheme
		ADDED from test_grafica_3/library/AndroidManifest.xml:31:15-56
uses-sdk
INJECTED from test_grafica_3/library/AndroidManifest.xml reason: use-sdk injection requested
INJECTED from test_grafica_3/library/AndroidManifest.xml
INJECTED from test_grafica_3/library/AndroidManifest.xml
INJECTED from test_grafica_3/library/AndroidManifest.xml
INJECTED from test_grafica_3/library/AndroidManifest.xml
	android:targetSdkVersion
		INJECTED from test_grafica_3/library/AndroidManifest.xml
		ADDED from test_grafica_3/library/AndroidManifest.xml
		INJECTED from test_grafica_3/library/AndroidManifest.xml
	android:minSdkVersion
		INJECTED from test_grafica_3/library/AndroidManifest.xml
		ADDED from test_grafica_3/library/AndroidManifest.xml
		INJECTED from test_grafica_3/library/AndroidManifest.xml